<?xml version="1.0" encoding="UTF-8"?>
<!-- Generated by org.testng.reporters.JUnitReportReporter -->
<testsuite hostname="Nileshs-MBP.T-mobile.com" name="com.test.HomePageTest" tests="1" failures="0" timestamp="14 Jun 2016 18:09:29 GMT" time="10.932" errors="0">
  <testcase name="stroefindertest" time="10.932" classname="com.test.HomePageTest"/>
</testsuite> <!-- com.test.HomePageTest -->
